2025-11-04T12:44:32.587+05:30  INFO 5716 --- [FileTransfer2] [restartedMain] c.example.demo.FileTransfer2Application  : Starting FileTransfer2Application using Java 17.0.8 with PID 5716 (C:\Users\Subha\Documents\workspace-spring-tool-suite-4-4.29.1.RELEASE\Java se8\spr\FileTransfer2\target\classes started by Subha in C:\Users\Subha\Documents\workspace-spring-tool-suite-4-4.29.1.RELEASE\Java se8\spr\FileTransfer2)
2025-11-04T12:44:32.588+05:30  INFO 5716 --- [FileTransfer2] [restartedMain] c.example.demo.FileTransfer2Application  : No active profile set, falling back to 1 default profile: "default"
2025-11-04T12:44:32.652+05:30  INFO 5716 --- [FileTransfer2] [restartedMain] .e.DevToolsPropertyDefaultsPostProcessor : Devtools property defaults active! Set 'spring.devtools.add-properties' to 'false' to disable
2025-11-04T12:44:32.653+05:30  INFO 5716 --- [FileTransfer2] [restartedMain] .e.DevToolsPropertyDefaultsPostProcessor : For additional web related logging consider setting the 'logging.level.web' property to 'DEBUG'
2025-11-04T12:44:33.507+05:30  INFO 5716 --- [FileTransfer2] [restartedMain] .s.d.r.c.RepositoryConfigurationDelegate : Bootstrapping Spring Data JPA repositories in DEFAULT mode.
2025-11-04T12:44:33.592+05:30  INFO 5716 --- [FileTransfer2] [restartedMain] .s.d.r.c.RepositoryConfigurationDelegate : Finished Spring Data repository scanning in 72 ms. Found 1 JPA repository interface.
2025-11-04T12:44:34.233+05:30  INFO 5716 --- [FileTransfer2] [restartedMain] o.s.b.w.embedded.tomcat.TomcatWebServer  : Tomcat initialized with port 8080 (http)
2025-11-04T12:44:34.249+05:30  INFO 5716 --- [FileTransfer2] [restartedMain] o.apache.catalina.core.StandardService   : Starting service [Tomcat]
2025-11-04T12:44:34.250+05:30  INFO 5716 --- [FileTransfer2] [restartedMain] o.apache.catalina.core.StandardEngine    : Starting Servlet engine: [Apache Tomcat/10.1.41]
2025-11-04T12:44:34.310+05:30  INFO 5716 --- [FileTransfer2] [restartedMain] o.a.c.c.C.[Tomcat].[localhost].[/]       : Initializing Spring embedded WebApplicationContext
2025-11-04T12:44:34.311+05:30  INFO 5716 --- [FileTransfer2] [restartedMain] w.s.c.ServletWebServerApplicationContext : Root WebApplicationContext: initialization completed in 1658 ms
2025-11-04T12:44:34.489+05:30  INFO 5716 --- [FileTransfer2] [restartedMain] o.hibernate.jpa.internal.util.LogHelper  : HHH000204: Processing PersistenceUnitInfo [name: default]
2025-11-04T12:44:34.571+05:30  INFO 5716 --- [FileTransfer2] [restartedMain] org.hibernate.Version                    : HHH000412: Hibernate ORM core version 6.6.15.Final
2025-11-04T12:44:34.618+05:30  INFO 5716 --- [FileTransfer2] [restartedMain] o.h.c.internal.RegionFactoryInitiator    : HHH000026: Second-level cache disabled
2025-11-04T12:44:34.975+05:30  INFO 5716 --- [FileTransfer2] [restartedMain] o.s.o.j.p.SpringPersistenceUnitInfo      : No LoadTimeWeaver setup: ignoring JPA class transformer
2025-11-04T12:44:35.013+05:30  INFO 5716 --- [FileTransfer2] [restartedMain] com.zaxxer.hikari.HikariDataSource       : HikariPool-1 - Starting...
2025-11-04T12:44:35.468+05:30  INFO 5716 --- [FileTransfer2] [restartedMain] com.zaxxer.hikari.pool.HikariPool        : HikariPool-1 - Added connection com.mysql.cj.jdbc.ConnectionImpl@1e4c059f
2025-11-04T12:44:35.471+05:30  INFO 5716 --- [FileTransfer2] [restartedMain] com.zaxxer.hikari.HikariDataSource       : HikariPool-1 - Start completed.
2025-11-04T12:44:35.546+05:30  WARN 5716 --- [FileTransfer2] [restartedMain] org.hibernate.orm.deprecation            : HHH90000025: MySQL8Dialect does not need to be specified explicitly using 'hibernate.dialect' (remove the property setting and it will be selected by default)
2025-11-04T12:44:35.547+05:30  WARN 5716 --- [FileTransfer2] [restartedMain] org.hibernate.orm.deprecation            : HHH90000026: MySQL8Dialect has been deprecated; use org.hibernate.dialect.MySQLDialect instead
2025-11-04T12:44:35.576+05:30  INFO 5716 --- [FileTransfer2] [restartedMain] org.hibernate.orm.connections.pooling    : HHH10001005: Database info:
	Database JDBC URL [Connecting through datasource 'HikariDataSource (HikariPool-1)']
	Database driver: undefined/unknown
	Database version: 8.0
	Autocommit mode: undefined/unknown
	Isolation level: undefined/unknown
	Minimum pool size: undefined/unknown
	Maximum pool size: undefined/unknown
2025-11-04T12:44:36.544+05:30  INFO 5716 --- [FileTransfer2] [restartedMain] o.h.e.t.j.p.i.JtaPlatformInitiator       : HHH000489: No JTA platform available (set 'hibernate.transaction.jta.platform' to enable JTA platform integration)
2025-11-04T12:44:36.634+05:30  INFO 5716 --- [FileTransfer2] [restartedMain] j.LocalContainerEntityManagerFactoryBean : Initialized JPA EntityManagerFactory for persistence unit 'default'
2025-11-04T12:44:36.959+05:30  WARN 5716 --- [FileTransfer2] [restartedMain] JpaBaseConfiguration$JpaWebConfiguration : spring.jpa.open-in-view is enabled by default. Therefore, database queries may be performed during view rendering. Explicitly configure spring.jpa.open-in-view to disable this warning
2025-11-04T12:44:37.253+05:30  INFO 5716 --- [FileTransfer2] [restartedMain] o.s.b.d.a.OptionalLiveReloadServer       : LiveReload server is running on port 35729
2025-11-04T12:44:37.298+05:30  INFO 5716 --- [FileTransfer2] [restartedMain] o.s.b.w.embedded.tomcat.TomcatWebServer  : Tomcat started on port 8080 (http) with context path '/'
2025-11-04T12:44:37.308+05:30  INFO 5716 --- [FileTransfer2] [restartedMain] c.example.demo.FileTransfer2Application  : Started FileTransfer2Application in 5.348 seconds (process running for 6.395)
2025-11-04T12:44:48.155+05:30  INFO 5716 --- [FileTransfer2] [http-nio-8080-exec-1] o.a.c.c.C.[Tomcat].[localhost].[/]       : Initializing Spring DispatcherServlet 'dispatcherServlet'
2025-11-04T12:44:48.155+05:30  INFO 5716 --- [FileTransfer2] [http-nio-8080-exec-1] o.s.web.servlet.DispatcherServlet        : Initializing Servlet 'dispatcherServlet'
2025-11-04T12:44:48.156+05:30  INFO 5716 --- [FileTransfer2] [http-nio-8080-exec-1] o.s.web.servlet.DispatcherServlet        : Completed initialization in 1 ms
2025-11-04T12:44:48.193+05:30  INFO 5716 --- [FileTransfer2] [http-nio-8080-exec-1] c.example.demo.util.LogDownloadService   : Log file successfully compressed to C:\Users\Subha\Documents\workspace-spring-tool-suite-4-4.29.1.RELEASE\Java se8\spr\FileTransfer2\logs\application.zip
2025-11-04T12:46:00.069+05:30  INFO 5716 --- [FileTransfer2] [Thread-8] c.example.demo.thread.FileFilterUtility  : 
--- Filtering File: D:\source\emplpoyee\Employee.java ---
2025-11-04T12:46:00.069+05:30  INFO 5716 --- [FileTransfer2] [Thread-8] c.example.demo.thread.FileFilterUtility  :   Filters object present. Checking criteria...
2025-11-04T12:46:00.073+05:30  INFO 5716 --- [FileTransfer2] [Thread-8] c.example.demo.thread.FileFilterUtility  :   Checking File Date/Age Filters. Base Attribute: null, Segmentation Type: null
2025-11-04T12:46:00.074+05:30  INFO 5716 --- [FileTransfer2] [Thread-8] c.example.demo.thread.FileFilterUtility  :     No base date attribute specified. Date/Age filter skipped.
2025-11-04T12:46:00.074+05:30  INFO 5716 --- [FileTransfer2] [Thread-8] c.example.demo.thread.FileFilterUtility  :   Checking File Type (Extension) Filters. Current extension: java
2025-11-04T12:46:00.074+05:30  INFO 5716 --- [FileTransfer2] [Thread-8] c.example.demo.thread.FileFilterUtility  :     No file type filters specified.
2025-11-04T12:46:00.074+05:30  INFO 5716 --- [FileTransfer2] [Thread-8] c.example.demo.thread.FileFilterUtility  :   Checking File Name Filters. Name without extension: employee
2025-11-04T12:46:00.074+05:30  INFO 5716 --- [FileTransfer2] [Thread-8] c.example.demo.thread.FileFilterUtility  :     No filename filters specified.
2025-11-04T12:46:00.074+05:30  INFO 5716 --- [FileTransfer2] [Thread-8] c.example.demo.thread.FileFilterUtility  :   Checking Folder Path Filters. Current parent path: d:/source/emplpoyee
2025-11-04T12:46:00.074+05:30  INFO 5716 --- [FileTransfer2] [Thread-8] c.example.demo.thread.FileFilterUtility  :     No folder path filters specified.
2025-11-04T12:46:00.074+05:30  INFO 5716 --- [FileTransfer2] [Thread-8] c.example.demo.thread.FileFilterUtility  :   Checking File Owner Filters. Current owner: MSI\Subha
2025-11-04T12:46:00.075+05:30  INFO 5716 --- [FileTransfer2] [Thread-8] c.example.demo.thread.FileFilterUtility  :     No include file owners specified.
2025-11-04T12:46:00.075+05:30  INFO 5716 --- [FileTransfer2] [Thread-8] c.example.demo.thread.FileFilterUtility  :     No exclude file owners specified.
2025-11-04T12:46:00.075+05:30  INFO 5716 --- [FileTransfer2] [Thread-8] c.example.demo.thread.FileFilterUtility  :   Checking Size Filters. File size (KB): 0
2025-11-04T12:46:00.075+05:30  INFO 5716 --- [FileTransfer2] [Thread-8] c.example.demo.thread.FileFilterUtility  :     No min size specified.
2025-11-04T12:46:00.075+05:30  INFO 5716 --- [FileTransfer2] [Thread-8] c.example.demo.thread.FileFilterUtility  :     No max size specified.
2025-11-04T12:46:00.075+05:30  INFO 5716 --- [FileTransfer2] [Thread-8] c.example.demo.thread.FileFilterUtility  : --- File PASSED all filter criteria: D:\source\emplpoyee\Employee.java ---
2025-11-04T12:46:00.075+05:30  WARN 5716 --- [FileTransfer2] [Thread-8] c.example.demo.thread.FileDetailsUpdate  : Invalid or missing includeSourcePath value. Defaulting to Include=N behavior.
2025-11-04T12:46:00.076+05:30  INFO 5716 --- [FileTransfer2] [Thread-8] c.example.demo.thread.FileDetailsUpdate  : Determined final destination file path (with extensions): D:\destination\emplpoyee\Employee.java
2025-11-04T12:46:00.082+05:30  INFO 5716 --- [FileTransfer2] [Thread-8] c.example.demo.thread.FileDetailsUpdate  : isArchived initial value set to: Y
2025-11-04T12:46:00.220+05:30  INFO 5716 --- [FileTransfer2] [Thread-8] c.example.demo.thread.FileDetailsUpdate  : Copied From: D:\source\emplpoyee\Employee.java
2025-11-04T12:46:00.220+05:30  INFO 5716 --- [FileTransfer2] [Thread-8] c.example.demo.thread.FileDetailsUpdate  : Copied To  : D:\destination\emplpoyee\Employee.java
2025-11-04T12:46:00.220+05:30  INFO 5716 --- [FileTransfer2] [Thread-8] c.example.demo.thread.FileDetailsUpdate  : Source Checksum: 4e144825301aaca1a529f51b5651c8c866e0f4e1b948d95a81db2dd4db09902a
2025-11-04T12:46:00.220+05:30  INFO 5716 --- [FileTransfer2] [Thread-8] c.example.demo.thread.FileDetailsUpdate  : Target Checksum: 4e144825301aaca1a529f51b5651c8c866e0f4e1b948d95a81db2dd4db09902a
2025-11-04T12:46:00.220+05:30  INFO 5716 --- [FileTransfer2] [Thread-8] c.example.demo.thread.FileDetailsUpdate  : Validation Status: Y
2025-11-04T12:46:00.221+05:30  INFO 5716 --- [FileTransfer2] [Thread-9] c.example.demo.thread.FileFilterUtility  : 
--- Filtering File: D:\source\emplpoyee\EmployeeList.java ---
2025-11-04T12:46:00.221+05:30  INFO 5716 --- [FileTransfer2] [Thread-9] c.example.demo.thread.FileFilterUtility  :   Filters object present. Checking criteria...
2025-11-04T12:46:00.221+05:30  INFO 5716 --- [FileTransfer2] [Thread-9] c.example.demo.thread.FileFilterUtility  :   Checking File Date/Age Filters. Base Attribute: null, Segmentation Type: null
2025-11-04T12:46:00.221+05:30  INFO 5716 --- [FileTransfer2] [Thread-9] c.example.demo.thread.FileFilterUtility  :     No base date attribute specified. Date/Age filter skipped.
2025-11-04T12:46:00.222+05:30  INFO 5716 --- [FileTransfer2] [Thread-9] c.example.demo.thread.FileFilterUtility  :   Checking File Type (Extension) Filters. Current extension: java
2025-11-04T12:46:00.222+05:30  INFO 5716 --- [FileTransfer2] [Thread-9] c.example.demo.thread.FileFilterUtility  :     No file type filters specified.
2025-11-04T12:46:00.222+05:30  INFO 5716 --- [FileTransfer2] [Thread-9] c.example.demo.thread.FileFilterUtility  :   Checking File Name Filters. Name without extension: employeelist
2025-11-04T12:46:00.222+05:30  INFO 5716 --- [FileTransfer2] [Thread-9] c.example.demo.thread.FileFilterUtility  :     No filename filters specified.
2025-11-04T12:46:00.222+05:30  INFO 5716 --- [FileTransfer2] [Thread-9] c.example.demo.thread.FileFilterUtility  :   Checking Folder Path Filters. Current parent path: d:/source/emplpoyee
2025-11-04T12:46:00.222+05:30  INFO 5716 --- [FileTransfer2] [Thread-9] c.example.demo.thread.FileFilterUtility  :     No folder path filters specified.
2025-11-04T12:46:00.222+05:30  INFO 5716 --- [FileTransfer2] [Thread-9] c.example.demo.thread.FileFilterUtility  :   Checking File Owner Filters. Current owner: MSI\Subha
2025-11-04T12:46:00.222+05:30  INFO 5716 --- [FileTransfer2] [Thread-9] c.example.demo.thread.FileFilterUtility  :     No include file owners specified.
2025-11-04T12:46:00.222+05:30  INFO 5716 --- [FileTransfer2] [Thread-9] c.example.demo.thread.FileFilterUtility  :     No exclude file owners specified.
2025-11-04T12:46:00.222+05:30  INFO 5716 --- [FileTransfer2] [Thread-9] c.example.demo.thread.FileFilterUtility  :   Checking Size Filters. File size (KB): 0
2025-11-04T12:46:00.222+05:30  INFO 5716 --- [FileTransfer2] [Thread-9] c.example.demo.thread.FileFilterUtility  :     No min size specified.
2025-11-04T12:46:00.222+05:30  INFO 5716 --- [FileTransfer2] [Thread-9] c.example.demo.thread.FileFilterUtility  :     No max size specified.
2025-11-04T12:46:00.222+05:30  INFO 5716 --- [FileTransfer2] [Thread-9] c.example.demo.thread.FileFilterUtility  : --- File PASSED all filter criteria: D:\source\emplpoyee\EmployeeList.java ---
2025-11-04T12:46:00.222+05:30  WARN 5716 --- [FileTransfer2] [Thread-9] c.example.demo.thread.FileDetailsUpdate  : Invalid or missing includeSourcePath value. Defaulting to Include=N behavior.
2025-11-04T12:46:00.223+05:30  INFO 5716 --- [FileTransfer2] [Thread-9] c.example.demo.thread.FileDetailsUpdate  : Determined final destination file path (with extensions): D:\destination\emplpoyee\EmployeeList.java
2025-11-04T12:46:00.230+05:30  INFO 5716 --- [FileTransfer2] [Thread-9] c.example.demo.thread.FileDetailsUpdate  : isArchived initial value set to: Y
2025-11-04T12:46:00.243+05:30  INFO 5716 --- [FileTransfer2] [Thread-9] c.example.demo.thread.FileDetailsUpdate  : Copied From: D:\source\emplpoyee\EmployeeList.java
2025-11-04T12:46:00.243+05:30  INFO 5716 --- [FileTransfer2] [Thread-9] c.example.demo.thread.FileDetailsUpdate  : Copied To  : D:\destination\emplpoyee\EmployeeList.java
2025-11-04T12:46:00.243+05:30  INFO 5716 --- [FileTransfer2] [Thread-9] c.example.demo.thread.FileDetailsUpdate  : Source Checksum: 2879bb543569ce7ea6437a5add90e38802c9a98280af8bc51d8a486b576946bc
2025-11-04T12:46:00.243+05:30  INFO 5716 --- [FileTransfer2] [Thread-9] c.example.demo.thread.FileDetailsUpdate  : Target Checksum: 2879bb543569ce7ea6437a5add90e38802c9a98280af8bc51d8a486b576946bc
2025-11-04T12:46:00.243+05:30  INFO 5716 --- [FileTransfer2] [Thread-9] c.example.demo.thread.FileDetailsUpdate  : Validation Status: Y
2025-11-04T12:46:00.244+05:30  INFO 5716 --- [FileTransfer2] [Thread-10] c.example.demo.thread.FileFilterUtility  : 
--- Filtering File: D:\source\emplpoyee\EmployeeLists.java ---
2025-11-04T12:46:00.244+05:30  INFO 5716 --- [FileTransfer2] [Thread-10] c.example.demo.thread.FileFilterUtility  :   Filters object present. Checking criteria...
2025-11-04T12:46:00.246+05:30  INFO 5716 --- [FileTransfer2] [Thread-10] c.example.demo.thread.FileFilterUtility  :   Checking File Date/Age Filters. Base Attribute: null, Segmentation Type: null
2025-11-04T12:46:00.246+05:30  INFO 5716 --- [FileTransfer2] [Thread-10] c.example.demo.thread.FileFilterUtility  :     No base date attribute specified. Date/Age filter skipped.
2025-11-04T12:46:00.246+05:30  INFO 5716 --- [FileTransfer2] [Thread-10] c.example.demo.thread.FileFilterUtility  :   Checking File Type (Extension) Filters. Current extension: java
2025-11-04T12:46:00.246+05:30  INFO 5716 --- [FileTransfer2] [Thread-10] c.example.demo.thread.FileFilterUtility  :     No file type filters specified.
2025-11-04T12:46:00.246+05:30  INFO 5716 --- [FileTransfer2] [Thread-10] c.example.demo.thread.FileFilterUtility  :   Checking File Name Filters. Name without extension: employeelists
2025-11-04T12:46:00.246+05:30  INFO 5716 --- [FileTransfer2] [Thread-10] c.example.demo.thread.FileFilterUtility  :     No filename filters specified.
2025-11-04T12:46:00.246+05:30  INFO 5716 --- [FileTransfer2] [Thread-10] c.example.demo.thread.FileFilterUtility  :   Checking Folder Path Filters. Current parent path: d:/source/emplpoyee
2025-11-04T12:46:00.246+05:30  INFO 5716 --- [FileTransfer2] [Thread-10] c.example.demo.thread.FileFilterUtility  :     No folder path filters specified.
2025-11-04T12:46:00.246+05:30  INFO 5716 --- [FileTransfer2] [Thread-10] c.example.demo.thread.FileFilterUtility  :   Checking File Owner Filters. Current owner: MSI\Subha
2025-11-04T12:46:00.246+05:30  INFO 5716 --- [FileTransfer2] [Thread-10] c.example.demo.thread.FileFilterUtility  :     No include file owners specified.
2025-11-04T12:46:00.246+05:30  INFO 5716 --- [FileTransfer2] [Thread-10] c.example.demo.thread.FileFilterUtility  :     No exclude file owners specified.
2025-11-04T12:46:00.246+05:30  INFO 5716 --- [FileTransfer2] [Thread-10] c.example.demo.thread.FileFilterUtility  :   Checking Size Filters. File size (KB): 0
2025-11-04T12:46:00.246+05:30  INFO 5716 --- [FileTransfer2] [Thread-10] c.example.demo.thread.FileFilterUtility  :     No min size specified.
2025-11-04T12:46:00.246+05:30  INFO 5716 --- [FileTransfer2] [Thread-10] c.example.demo.thread.FileFilterUtility  :     No max size specified.
2025-11-04T12:46:00.246+05:30  INFO 5716 --- [FileTransfer2] [Thread-10] c.example.demo.thread.FileFilterUtility  : --- File PASSED all filter criteria: D:\source\emplpoyee\EmployeeLists.java ---
2025-11-04T12:46:00.246+05:30  WARN 5716 --- [FileTransfer2] [Thread-10] c.example.demo.thread.FileDetailsUpdate  : Invalid or missing includeSourcePath value. Defaulting to Include=N behavior.
2025-11-04T12:46:00.246+05:30  INFO 5716 --- [FileTransfer2] [Thread-10] c.example.demo.thread.FileDetailsUpdate  : Determined final destination file path (with extensions): D:\destination\emplpoyee\EmployeeLists.java
2025-11-04T12:46:00.248+05:30  INFO 5716 --- [FileTransfer2] [Thread-10] c.example.demo.thread.FileDetailsUpdate  : isArchived initial value set to: Y
2025-11-04T12:46:00.261+05:30  INFO 5716 --- [FileTransfer2] [Thread-10] c.example.demo.thread.FileDetailsUpdate  : Copied From: D:\source\emplpoyee\EmployeeLists.java
2025-11-04T12:46:00.261+05:30  INFO 5716 --- [FileTransfer2] [Thread-10] c.example.demo.thread.FileDetailsUpdate  : Copied To  : D:\destination\emplpoyee\EmployeeLists.java
2025-11-04T12:46:00.261+05:30  INFO 5716 --- [FileTransfer2] [Thread-10] c.example.demo.thread.FileDetailsUpdate  : Source Checksum: e3b0c44298fc1c149afbf4c8996fb92427ae41e4649b934ca495991b7852b855
2025-11-04T12:46:00.261+05:30  INFO 5716 --- [FileTransfer2] [Thread-10] c.example.demo.thread.FileDetailsUpdate  : Target Checksum: e3b0c44298fc1c149afbf4c8996fb92427ae41e4649b934ca495991b7852b855
2025-11-04T12:46:00.262+05:30  INFO 5716 --- [FileTransfer2] [Thread-10] c.example.demo.thread.FileDetailsUpdate  : Validation Status: Y
2025-11-04T12:46:00.262+05:30  INFO 5716 --- [FileTransfer2] [Thread-11] c.example.demo.thread.FileFilterUtility  : 
--- Filtering File: D:\source\emplpoyee\failtest.txt ---
2025-11-04T12:46:00.262+05:30  INFO 5716 --- [FileTransfer2] [Thread-11] c.example.demo.thread.FileFilterUtility  :   Filters object present. Checking criteria...
2025-11-04T12:46:00.264+05:30  INFO 5716 --- [FileTransfer2] [Thread-11] c.example.demo.thread.FileFilterUtility  :   Checking File Date/Age Filters. Base Attribute: null, Segmentation Type: null
2025-11-04T12:46:00.264+05:30  INFO 5716 --- [FileTransfer2] [Thread-11] c.example.demo.thread.FileFilterUtility  :     No base date attribute specified. Date/Age filter skipped.
2025-11-04T12:46:00.264+05:30  INFO 5716 --- [FileTransfer2] [Thread-11] c.example.demo.thread.FileFilterUtility  :   Checking File Type (Extension) Filters. Current extension: txt
2025-11-04T12:46:00.264+05:30  INFO 5716 --- [FileTransfer2] [Thread-11] c.example.demo.thread.FileFilterUtility  :     No file type filters specified.
2025-11-04T12:46:00.264+05:30  INFO 5716 --- [FileTransfer2] [Thread-11] c.example.demo.thread.FileFilterUtility  :   Checking File Name Filters. Name without extension: failtest
2025-11-04T12:46:00.264+05:30  INFO 5716 --- [FileTransfer2] [Thread-11] c.example.demo.thread.FileFilterUtility  :     No filename filters specified.
2025-11-04T12:46:00.264+05:30  INFO 5716 --- [FileTransfer2] [Thread-11] c.example.demo.thread.FileFilterUtility  :   Checking Folder Path Filters. Current parent path: d:/source/emplpoyee
2025-11-04T12:46:00.264+05:30  INFO 5716 --- [FileTransfer2] [Thread-11] c.example.demo.thread.FileFilterUtility  :     No folder path filters specified.
2025-11-04T12:46:00.264+05:30  INFO 5716 --- [FileTransfer2] [Thread-11] c.example.demo.thread.FileFilterUtility  :   Checking File Owner Filters. Current owner: MSI\Subha
2025-11-04T12:46:00.264+05:30  INFO 5716 --- [FileTransfer2] [Thread-11] c.example.demo.thread.FileFilterUtility  :     No include file owners specified.
2025-11-04T12:46:00.264+05:30  INFO 5716 --- [FileTransfer2] [Thread-11] c.example.demo.thread.FileFilterUtility  :     No exclude file owners specified.
2025-11-04T12:46:00.264+05:30  INFO 5716 --- [FileTransfer2] [Thread-11] c.example.demo.thread.FileFilterUtility  :   Checking Size Filters. File size (KB): 0
2025-11-04T12:46:00.264+05:30  INFO 5716 --- [FileTransfer2] [Thread-11] c.example.demo.thread.FileFilterUtility  :     No min size specified.
2025-11-04T12:46:00.264+05:30  INFO 5716 --- [FileTransfer2] [Thread-11] c.example.demo.thread.FileFilterUtility  :     No max size specified.
2025-11-04T12:46:00.265+05:30  INFO 5716 --- [FileTransfer2] [Thread-11] c.example.demo.thread.FileFilterUtility  : --- File PASSED all filter criteria: D:\source\emplpoyee\failtest.txt ---
2025-11-04T12:46:00.265+05:30  WARN 5716 --- [FileTransfer2] [Thread-11] c.example.demo.thread.FileDetailsUpdate  : Invalid or missing includeSourcePath value. Defaulting to Include=N behavior.
2025-11-04T12:46:00.265+05:30  INFO 5716 --- [FileTransfer2] [Thread-11] c.example.demo.thread.FileDetailsUpdate  : Determined final destination file path (with extensions): D:\destination\emplpoyee\failtest.txt
2025-11-04T12:46:00.268+05:30 ERROR 5716 --- [FileTransfer2] [Thread-11] c.example.demo.thread.FileDetailsUpdate  : General error during file copy: This file is not supported
2025-11-04T12:46:00.269+05:30  INFO 5716 --- [FileTransfer2] [Thread-11] c.example.demo.thread.FileDetailsUpdate  : isArchived initial value set to: N
2025-11-04T12:46:00.280+05:30  INFO 5716 --- [FileTransfer2] [Thread-11] c.example.demo.thread.FileDetailsUpdate  : Copied From: D:\source\emplpoyee\failtest.txt
2025-11-04T12:46:00.280+05:30  INFO 5716 --- [FileTransfer2] [Thread-11] c.example.demo.thread.FileDetailsUpdate  : Copied To  : D:\destination\emplpoyee\failtest.txt
2025-11-04T12:46:00.280+05:30  INFO 5716 --- [FileTransfer2] [Thread-11] c.example.demo.thread.FileDetailsUpdate  : Source Checksum: cace91876846dcd3d6fbcc7473ca4ae73ba07d70fc371741ca4311c28c7c4397
2025-11-04T12:46:00.280+05:30  INFO 5716 --- [FileTransfer2] [Thread-11] c.example.demo.thread.FileDetailsUpdate  : Target Checksum: cace91876846dcd3d6fbcc7473ca4ae73ba07d70fc371741ca4311c28c7c4397
2025-11-04T12:46:00.280+05:30  INFO 5716 --- [FileTransfer2] [Thread-11] c.example.demo.thread.FileDetailsUpdate  : Validation Status: Y
2025-11-04T12:46:00.281+05:30  INFO 5716 --- [FileTransfer2] [Thread-12] c.example.demo.thread.FileFilterUtility  : 
--- Filtering File: D:\source\emplpoyee\readandwrite\File.java ---
2025-11-04T12:46:00.282+05:30  INFO 5716 --- [FileTransfer2] [Thread-12] c.example.demo.thread.FileFilterUtility  :   Filters object present. Checking criteria...
2025-11-04T12:46:00.282+05:30  INFO 5716 --- [FileTransfer2] [Thread-12] c.example.demo.thread.FileFilterUtility  :   Checking File Date/Age Filters. Base Attribute: null, Segmentation Type: null
2025-11-04T12:46:00.282+05:30  INFO 5716 --- [FileTransfer2] [Thread-12] c.example.demo.thread.FileFilterUtility  :     No base date attribute specified. Date/Age filter skipped.
2025-11-04T12:46:00.282+05:30  INFO 5716 --- [FileTransfer2] [Thread-12] c.example.demo.thread.FileFilterUtility  :   Checking File Type (Extension) Filters. Current extension: java
2025-11-04T12:46:00.282+05:30  INFO 5716 --- [FileTransfer2] [Thread-12] c.example.demo.thread.FileFilterUtility  :     No file type filters specified.
2025-11-04T12:46:00.282+05:30  INFO 5716 --- [FileTransfer2] [Thread-12] c.example.demo.thread.FileFilterUtility  :   Checking File Name Filters. Name without extension: file
2025-11-04T12:46:00.282+05:30  INFO 5716 --- [FileTransfer2] [Thread-12] c.example.demo.thread.FileFilterUtility  :     No filename filters specified.
2025-11-04T12:46:00.282+05:30  INFO 5716 --- [FileTransfer2] [Thread-12] c.example.demo.thread.FileFilterUtility  :   Checking Folder Path Filters. Current parent path: d:/source/emplpoyee/readandwrite
2025-11-04T12:46:00.282+05:30  INFO 5716 --- [FileTransfer2] [Thread-12] c.example.demo.thread.FileFilterUtility  :     No folder path filters specified.
2025-11-04T12:46:00.282+05:30  INFO 5716 --- [FileTransfer2] [Thread-12] c.example.demo.thread.FileFilterUtility  :   Checking File Owner Filters. Current owner: MSI\Subha
2025-11-04T12:46:00.283+05:30  INFO 5716 --- [FileTransfer2] [Thread-12] c.example.demo.thread.FileFilterUtility  :     No include file owners specified.
2025-11-04T12:46:00.283+05:30  INFO 5716 --- [FileTransfer2] [Thread-12] c.example.demo.thread.FileFilterUtility  :     No exclude file owners specified.
2025-11-04T12:46:00.283+05:30  INFO 5716 --- [FileTransfer2] [Thread-12] c.example.demo.thread.FileFilterUtility  :   Checking Size Filters. File size (KB): 1
2025-11-04T12:46:00.283+05:30  INFO 5716 --- [FileTransfer2] [Thread-12] c.example.demo.thread.FileFilterUtility  :     No min size specified.
2025-11-04T12:46:00.283+05:30  INFO 5716 --- [FileTransfer2] [Thread-12] c.example.demo.thread.FileFilterUtility  :     No max size specified.
2025-11-04T12:46:00.283+05:30  INFO 5716 --- [FileTransfer2] [Thread-12] c.example.demo.thread.FileFilterUtility  : --- File PASSED all filter criteria: D:\source\emplpoyee\readandwrite\File.java ---
2025-11-04T12:46:00.283+05:30  WARN 5716 --- [FileTransfer2] [Thread-12] c.example.demo.thread.FileDetailsUpdate  : Invalid or missing includeSourcePath value. Defaulting to Include=N behavior.
2025-11-04T12:46:00.283+05:30  INFO 5716 --- [FileTransfer2] [Thread-12] c.example.demo.thread.FileDetailsUpdate  : Determined final destination file path (with extensions): D:\destination\emplpoyee\readandwrite\File.java
2025-11-04T12:46:00.288+05:30  INFO 5716 --- [FileTransfer2] [Thread-12] c.example.demo.thread.FileDetailsUpdate  : isArchived initial value set to: Y
2025-11-04T12:46:00.300+05:30  INFO 5716 --- [FileTransfer2] [Thread-12] c.example.demo.thread.FileDetailsUpdate  : Copied From: D:\source\emplpoyee\readandwrite\File.java
2025-11-04T12:46:00.300+05:30  INFO 5716 --- [FileTransfer2] [Thread-12] c.example.demo.thread.FileDetailsUpdate  : Copied To  : D:\destination\emplpoyee\readandwrite\File.java
2025-11-04T12:46:00.300+05:30  INFO 5716 --- [FileTransfer2] [Thread-12] c.example.demo.thread.FileDetailsUpdate  : Source Checksum: 87c7d6a8990b0113ed5a8497aae846fff9b682f03d6970d5798e052d88009265
2025-11-04T12:46:00.300+05:30  INFO 5716 --- [FileTransfer2] [Thread-12] c.example.demo.thread.FileDetailsUpdate  : Target Checksum: 87c7d6a8990b0113ed5a8497aae846fff9b682f03d6970d5798e052d88009265
2025-11-04T12:46:00.300+05:30  INFO 5716 --- [FileTransfer2] [Thread-12] c.example.demo.thread.FileDetailsUpdate  : Validation Status: Y
2025-11-04T12:46:00.300+05:30  INFO 5716 --- [FileTransfer2] [Thread-13] c.example.demo.thread.FileFilterUtility  : 
--- Filtering File: D:\source\emplpoyee\readandwrite\input.txt ---
2025-11-04T12:46:00.301+05:30  INFO 5716 --- [FileTransfer2] [Thread-13] c.example.demo.thread.FileFilterUtility  :   Filters object present. Checking criteria...
2025-11-04T12:46:00.301+05:30  INFO 5716 --- [FileTransfer2] [Thread-13] c.example.demo.thread.FileFilterUtility  :   Checking File Date/Age Filters. Base Attribute: null, Segmentation Type: null
2025-11-04T12:46:00.301+05:30  INFO 5716 --- [FileTransfer2] [Thread-13] c.example.demo.thread.FileFilterUtility  :     No base date attribute specified. Date/Age filter skipped.
2025-11-04T12:46:00.301+05:30  INFO 5716 --- [FileTransfer2] [Thread-13] c.example.demo.thread.FileFilterUtility  :   Checking File Type (Extension) Filters. Current extension: txt
2025-11-04T12:46:00.302+05:30  INFO 5716 --- [FileTransfer2] [Thread-13] c.example.demo.thread.FileFilterUtility  :     No file type filters specified.
2025-11-04T12:46:00.302+05:30  INFO 5716 --- [FileTransfer2] [Thread-13] c.example.demo.thread.FileFilterUtility  :   Checking File Name Filters. Name without extension: input
2025-11-04T12:46:00.302+05:30  INFO 5716 --- [FileTransfer2] [Thread-13] c.example.demo.thread.FileFilterUtility  :     No filename filters specified.
2025-11-04T12:46:00.302+05:30  INFO 5716 --- [FileTransfer2] [Thread-13] c.example.demo.thread.FileFilterUtility  :   Checking Folder Path Filters. Current parent path: d:/source/emplpoyee/readandwrite
2025-11-04T12:46:00.302+05:30  INFO 5716 --- [FileTransfer2] [Thread-13] c.example.demo.thread.FileFilterUtility  :     No folder path filters specified.
2025-11-04T12:46:00.302+05:30  INFO 5716 --- [FileTransfer2] [Thread-13] c.example.demo.thread.FileFilterUtility  :   Checking File Owner Filters. Current owner: MSI\Subha
2025-11-04T12:46:00.302+05:30  INFO 5716 --- [FileTransfer2] [Thread-13] c.example.demo.thread.FileFilterUtility  :     No include file owners specified.
2025-11-04T12:46:00.302+05:30  INFO 5716 --- [FileTransfer2] [Thread-13] c.example.demo.thread.FileFilterUtility  :     No exclude file owners specified.
2025-11-04T12:46:00.302+05:30  INFO 5716 --- [FileTransfer2] [Thread-13] c.example.demo.thread.FileFilterUtility  :   Checking Size Filters. File size (KB): 0
2025-11-04T12:46:00.302+05:30  INFO 5716 --- [FileTransfer2] [Thread-13] c.example.demo.thread.FileFilterUtility  :     No min size specified.
2025-11-04T12:46:00.302+05:30  INFO 5716 --- [FileTransfer2] [Thread-13] c.example.demo.thread.FileFilterUtility  :     No max size specified.
2025-11-04T12:46:00.302+05:30  INFO 5716 --- [FileTransfer2] [Thread-13] c.example.demo.thread.FileFilterUtility  : --- File PASSED all filter criteria: D:\source\emplpoyee\readandwrite\input.txt ---
2025-11-04T12:46:00.302+05:30  WARN 5716 --- [FileTransfer2] [Thread-13] c.example.demo.thread.FileDetailsUpdate  : Invalid or missing includeSourcePath value. Defaulting to Include=N behavior.
2025-11-04T12:46:00.302+05:30  INFO 5716 --- [FileTransfer2] [Thread-13] c.example.demo.thread.FileDetailsUpdate  : Determined final destination file path (with extensions): D:\destination\emplpoyee\readandwrite\input.txt
2025-11-04T12:46:00.305+05:30 ERROR 5716 --- [FileTransfer2] [Thread-13] c.example.demo.thread.FileDetailsUpdate  : General error during file copy: This file is not supported
2025-11-04T12:46:00.306+05:30  INFO 5716 --- [FileTransfer2] [Thread-13] c.example.demo.thread.FileDetailsUpdate  : isArchived initial value set to: N
2025-11-04T12:46:00.319+05:30  INFO 5716 --- [FileTransfer2] [Thread-13] c.example.demo.thread.FileDetailsUpdate  : Copied From: D:\source\emplpoyee\readandwrite\input.txt
2025-11-04T12:46:00.319+05:30  INFO 5716 --- [FileTransfer2] [Thread-13] c.example.demo.thread.FileDetailsUpdate  : Copied To  : D:\destination\emplpoyee\readandwrite\input.txt
2025-11-04T12:46:00.319+05:30  INFO 5716 --- [FileTransfer2] [Thread-13] c.example.demo.thread.FileDetailsUpdate  : Source Checksum: da15197f20def607f056d231511fa3806369fe0b85bfe440976a5142fd8c193c
2025-11-04T12:46:00.319+05:30  INFO 5716 --- [FileTransfer2] [Thread-13] c.example.demo.thread.FileDetailsUpdate  : Target Checksum: da15197f20def607f056d231511fa3806369fe0b85bfe440976a5142fd8c193c
2025-11-04T12:46:00.319+05:30  INFO 5716 --- [FileTransfer2] [Thread-13] c.example.demo.thread.FileDetailsUpdate  : Validation Status: Y
2025-11-04T12:46:00.320+05:30  INFO 5716 --- [FileTransfer2] [Thread-14] c.example.demo.thread.FileFilterUtility  : 
--- Filtering File: D:\source\emplpoyee\readandwrite\output.txt ---
2025-11-04T12:46:00.320+05:30  INFO 5716 --- [FileTransfer2] [Thread-14] c.example.demo.thread.FileFilterUtility  :   Filters object present. Checking criteria...
2025-11-04T12:46:00.320+05:30  INFO 5716 --- [FileTransfer2] [Thread-14] c.example.demo.thread.FileFilterUtility  :   Checking File Date/Age Filters. Base Attribute: null, Segmentation Type: null
2025-11-04T12:46:00.320+05:30  INFO 5716 --- [FileTransfer2] [Thread-14] c.example.demo.thread.FileFilterUtility  :     No base date attribute specified. Date/Age filter skipped.
2025-11-04T12:46:00.320+05:30  INFO 5716 --- [FileTransfer2] [Thread-14] c.example.demo.thread.FileFilterUtility  :   Checking File Type (Extension) Filters. Current extension: txt
2025-11-04T12:46:00.320+05:30  INFO 5716 --- [FileTransfer2] [Thread-14] c.example.demo.thread.FileFilterUtility  :     No file type filters specified.
2025-11-04T12:46:00.321+05:30  INFO 5716 --- [FileTransfer2] [Thread-14] c.example.demo.thread.FileFilterUtility  :   Checking File Name Filters. Name without extension: output
2025-11-04T12:46:00.321+05:30  INFO 5716 --- [FileTransfer2] [Thread-14] c.example.demo.thread.FileFilterUtility  :     No filename filters specified.
2025-11-04T12:46:00.321+05:30  INFO 5716 --- [FileTransfer2] [Thread-14] c.example.demo.thread.FileFilterUtility  :   Checking Folder Path Filters. Current parent path: d:/source/emplpoyee/readandwrite
2025-11-04T12:46:00.321+05:30  INFO 5716 --- [FileTransfer2] [Thread-14] c.example.demo.thread.FileFilterUtility  :     No folder path filters specified.
2025-11-04T12:46:00.321+05:30  INFO 5716 --- [FileTransfer2] [Thread-14] c.example.demo.thread.FileFilterUtility  :   Checking File Owner Filters. Current owner: MSI\Subha
2025-11-04T12:46:00.321+05:30  INFO 5716 --- [FileTransfer2] [Thread-14] c.example.demo.thread.FileFilterUtility  :     No include file owners specified.
2025-11-04T12:46:00.321+05:30  INFO 5716 --- [FileTransfer2] [Thread-14] c.example.demo.thread.FileFilterUtility  :     No exclude file owners specified.
2025-11-04T12:46:00.321+05:30  INFO 5716 --- [FileTransfer2] [Thread-14] c.example.demo.thread.FileFilterUtility  :   Checking Size Filters. File size (KB): 0
2025-11-04T12:46:00.321+05:30  INFO 5716 --- [FileTransfer2] [Thread-14] c.example.demo.thread.FileFilterUtility  :     No min size specified.
2025-11-04T12:46:00.321+05:30  INFO 5716 --- [FileTransfer2] [Thread-14] c.example.demo.thread.FileFilterUtility  :     No max size specified.
2025-11-04T12:46:00.321+05:30  INFO 5716 --- [FileTransfer2] [Thread-14] c.example.demo.thread.FileFilterUtility  : --- File PASSED all filter criteria: D:\source\emplpoyee\readandwrite\output.txt ---
2025-11-04T12:46:00.321+05:30  WARN 5716 --- [FileTransfer2] [Thread-14] c.example.demo.thread.FileDetailsUpdate  : Invalid or missing includeSourcePath value. Defaulting to Include=N behavior.
2025-11-04T12:46:00.321+05:30  INFO 5716 --- [FileTransfer2] [Thread-14] c.example.demo.thread.FileDetailsUpdate  : Determined final destination file path (with extensions): D:\destination\emplpoyee\readandwrite\output.txt
2025-11-04T12:46:00.324+05:30 ERROR 5716 --- [FileTransfer2] [Thread-14] c.example.demo.thread.FileDetailsUpdate  : General error during file copy: This file is not supported
2025-11-04T12:46:00.325+05:30  INFO 5716 --- [FileTransfer2] [Thread-14] c.example.demo.thread.FileDetailsUpdate  : isArchived initial value set to: N
2025-11-04T12:46:00.338+05:30  INFO 5716 --- [FileTransfer2] [Thread-14] c.example.demo.thread.FileDetailsUpdate  : Copied From: D:\source\emplpoyee\readandwrite\output.txt
2025-11-04T12:46:00.338+05:30  INFO 5716 --- [FileTransfer2] [Thread-14] c.example.demo.thread.FileDetailsUpdate  : Copied To  : D:\destination\emplpoyee\readandwrite\output.txt
2025-11-04T12:46:00.338+05:30  INFO 5716 --- [FileTransfer2] [Thread-14] c.example.demo.thread.FileDetailsUpdate  : Source Checksum: 5cc1cd9140af816521cfd7d1dd579635fc460d1f602a1880103cff28b0f95fb3
2025-11-04T12:46:00.338+05:30  INFO 5716 --- [FileTransfer2] [Thread-14] c.example.demo.thread.FileDetailsUpdate  : Target Checksum: 5cc1cd9140af816521cfd7d1dd579635fc460d1f602a1880103cff28b0f95fb3
2025-11-04T12:46:00.338+05:30  INFO 5716 --- [FileTransfer2] [Thread-14] c.example.demo.thread.FileDetailsUpdate  : Validation Status: Y
2025-11-04T12:46:00.339+05:30  INFO 5716 --- [FileTransfer2] [Thread-15] c.example.demo.thread.FileFilterUtility  : 
--- Filtering File: D:\source\emplpoyee\readandwrite\Temp\model.py ---
2025-11-04T12:46:00.339+05:30  INFO 5716 --- [FileTransfer2] [Thread-15] c.example.demo.thread.FileFilterUtility  :   Filters object present. Checking criteria...
2025-11-04T12:46:00.340+05:30  INFO 5716 --- [FileTransfer2] [Thread-15] c.example.demo.thread.FileFilterUtility  :   Checking File Date/Age Filters. Base Attribute: null, Segmentation Type: null
2025-11-04T12:46:00.340+05:30  INFO 5716 --- [FileTransfer2] [Thread-15] c.example.demo.thread.FileFilterUtility  :     No base date attribute specified. Date/Age filter skipped.
2025-11-04T12:46:00.340+05:30  INFO 5716 --- [FileTransfer2] [Thread-15] c.example.demo.thread.FileFilterUtility  :   Checking File Type (Extension) Filters. Current extension: py
2025-11-04T12:46:00.340+05:30  INFO 5716 --- [FileTransfer2] [Thread-15] c.example.demo.thread.FileFilterUtility  :     No file type filters specified.
2025-11-04T12:46:00.340+05:30  INFO 5716 --- [FileTransfer2] [Thread-15] c.example.demo.thread.FileFilterUtility  :   Checking File Name Filters. Name without extension: model
2025-11-04T12:46:00.340+05:30  INFO 5716 --- [FileTransfer2] [Thread-15] c.example.demo.thread.FileFilterUtility  :     No filename filters specified.
2025-11-04T12:46:00.340+05:30  INFO 5716 --- [FileTransfer2] [Thread-15] c.example.demo.thread.FileFilterUtility  :   Checking Folder Path Filters. Current parent path: d:/source/emplpoyee/readandwrite/temp
2025-11-04T12:46:00.340+05:30  INFO 5716 --- [FileTransfer2] [Thread-15] c.example.demo.thread.FileFilterUtility  :     No folder path filters specified.
2025-11-04T12:46:00.340+05:30  INFO 5716 --- [FileTransfer2] [Thread-15] c.example.demo.thread.FileFilterUtility  :   Checking File Owner Filters. Current owner: MSI\Subha
2025-11-04T12:46:00.340+05:30  INFO 5716 --- [FileTransfer2] [Thread-15] c.example.demo.thread.FileFilterUtility  :     No include file owners specified.
2025-11-04T12:46:00.340+05:30  INFO 5716 --- [FileTransfer2] [Thread-15] c.example.demo.thread.FileFilterUtility  :     No exclude file owners specified.
2025-11-04T12:46:00.340+05:30  INFO 5716 --- [FileTransfer2] [Thread-15] c.example.demo.thread.FileFilterUtility  :   Checking Size Filters. File size (KB): 8
2025-11-04T12:46:00.340+05:30  INFO 5716 --- [FileTransfer2] [Thread-15] c.example.demo.thread.FileFilterUtility  :     No min size specified.
2025-11-04T12:46:00.340+05:30  INFO 5716 --- [FileTransfer2] [Thread-15] c.example.demo.thread.FileFilterUtility  :     No max size specified.
2025-11-04T12:46:00.340+05:30  INFO 5716 --- [FileTransfer2] [Thread-15] c.example.demo.thread.FileFilterUtility  : --- File PASSED all filter criteria: D:\source\emplpoyee\readandwrite\Temp\model.py ---
2025-11-04T12:46:00.340+05:30  WARN 5716 --- [FileTransfer2] [Thread-15] c.example.demo.thread.FileDetailsUpdate  : Invalid or missing includeSourcePath value. Defaulting to Include=N behavior.
2025-11-04T12:46:00.340+05:30  INFO 5716 --- [FileTransfer2] [Thread-15] c.example.demo.thread.FileDetailsUpdate  : Determined final destination file path (with extensions): D:\destination\emplpoyee\readandwrite\Temp\model.py
2025-11-04T12:46:00.344+05:30  INFO 5716 --- [FileTransfer2] [Thread-15] c.example.demo.thread.FileDetailsUpdate  : isArchived initial value set to: Y
2025-11-04T12:46:00.357+05:30  INFO 5716 --- [FileTransfer2] [Thread-15] c.example.demo.thread.FileDetailsUpdate  : Copied From: D:\source\emplpoyee\readandwrite\Temp\model.py
2025-11-04T12:46:00.357+05:30  INFO 5716 --- [FileTransfer2] [Thread-15] c.example.demo.thread.FileDetailsUpdate  : Copied To  : D:\destination\emplpoyee\readandwrite\Temp\model.py
2025-11-04T12:46:00.358+05:30  INFO 5716 --- [FileTransfer2] [Thread-15] c.example.demo.thread.FileDetailsUpdate  : Source Checksum: fe1c0d0c0fa33000204507d9817e8983821deaa7c754e6cd5d5603f0154c639a
2025-11-04T12:46:00.358+05:30  INFO 5716 --- [FileTransfer2] [Thread-15] c.example.demo.thread.FileDetailsUpdate  : Target Checksum: fe1c0d0c0fa33000204507d9817e8983821deaa7c754e6cd5d5603f0154c639a
2025-11-04T12:46:00.358+05:30  INFO 5716 --- [FileTransfer2] [Thread-15] c.example.demo.thread.FileDetailsUpdate  : Validation Status: Y
2025-11-04T12:46:00.358+05:30  INFO 5716 --- [FileTransfer2] [Thread-16] c.example.demo.thread.FileFilterUtility  : 
--- Filtering File: D:\source\emplpoyee\readandwrite\Temp\Screenshot 2024-01-18 115552.png ---
2025-11-04T12:46:00.358+05:30  INFO 5716 --- [FileTransfer2] [Thread-16] c.example.demo.thread.FileFilterUtility  :   Filters object present. Checking criteria...
2025-11-04T12:46:00.359+05:30  INFO 5716 --- [FileTransfer2] [Thread-16] c.example.demo.thread.FileFilterUtility  :   Checking File Date/Age Filters. Base Attribute: null, Segmentation Type: null
2025-11-04T12:46:00.359+05:30  INFO 5716 --- [FileTransfer2] [Thread-16] c.example.demo.thread.FileFilterUtility  :     No base date attribute specified. Date/Age filter skipped.
2025-11-04T12:46:00.359+05:30  INFO 5716 --- [FileTransfer2] [Thread-16] c.example.demo.thread.FileFilterUtility  :   Checking File Type (Extension) Filters. Current extension: png
2025-11-04T12:46:00.359+05:30  INFO 5716 --- [FileTransfer2] [Thread-16] c.example.demo.thread.FileFilterUtility  :     No file type filters specified.
2025-11-04T12:46:00.359+05:30  INFO 5716 --- [FileTransfer2] [Thread-16] c.example.demo.thread.FileFilterUtility  :   Checking File Name Filters. Name without extension: screenshot 2024-01-18 115552
2025-11-04T12:46:00.359+05:30  INFO 5716 --- [FileTransfer2] [Thread-16] c.example.demo.thread.FileFilterUtility  :     No filename filters specified.
2025-11-04T12:46:00.359+05:30  INFO 5716 --- [FileTransfer2] [Thread-16] c.example.demo.thread.FileFilterUtility  :   Checking Folder Path Filters. Current parent path: d:/source/emplpoyee/readandwrite/temp
2025-11-04T12:46:00.359+05:30  INFO 5716 --- [FileTransfer2] [Thread-16] c.example.demo.thread.FileFilterUtility  :     No folder path filters specified.
2025-11-04T12:46:00.359+05:30  INFO 5716 --- [FileTransfer2] [Thread-16] c.example.demo.thread.FileFilterUtility  :   Checking File Owner Filters. Current owner: MSI\Subha
2025-11-04T12:46:00.359+05:30  INFO 5716 --- [FileTransfer2] [Thread-16] c.example.demo.thread.FileFilterUtility  :     No include file owners specified.
2025-11-04T12:46:00.359+05:30  INFO 5716 --- [FileTransfer2] [Thread-16] c.example.demo.thread.FileFilterUtility  :     No exclude file owners specified.
2025-11-04T12:46:00.359+05:30  INFO 5716 --- [FileTransfer2] [Thread-16] c.example.demo.thread.FileFilterUtility  :   Checking Size Filters. File size (KB): 785
2025-11-04T12:46:00.360+05:30  INFO 5716 --- [FileTransfer2] [Thread-16] c.example.demo.thread.FileFilterUtility  :     No min size specified.
2025-11-04T12:46:00.360+05:30  INFO 5716 --- [FileTransfer2] [Thread-16] c.example.demo.thread.FileFilterUtility  :     No max size specified.
2025-11-04T12:46:00.360+05:30  INFO 5716 --- [FileTransfer2] [Thread-16] c.example.demo.thread.FileFilterUtility  : --- File PASSED all filter criteria: D:\source\emplpoyee\readandwrite\Temp\Screenshot 2024-01-18 115552.png ---
2025-11-04T12:46:00.360+05:30  WARN 5716 --- [FileTransfer2] [Thread-16] c.example.demo.thread.FileDetailsUpdate  : Invalid or missing includeSourcePath value. Defaulting to Include=N behavior.
2025-11-04T12:46:00.360+05:30  INFO 5716 --- [FileTransfer2] [Thread-16] c.example.demo.thread.FileDetailsUpdate  : Determined final destination file path (with extensions): D:\destination\emplpoyee\readandwrite\Temp\Screenshot 2024-01-18 115552.png
2025-11-04T12:46:00.382+05:30  INFO 5716 --- [FileTransfer2] [Thread-16] c.example.demo.thread.FileDetailsUpdate  : isArchived initial value set to: Y
2025-11-04T12:46:00.394+05:30  INFO 5716 --- [FileTransfer2] [Thread-16] c.example.demo.thread.FileDetailsUpdate  : Copied From: D:\source\emplpoyee\readandwrite\Temp\Screenshot 2024-01-18 115552.png
2025-11-04T12:46:00.395+05:30  INFO 5716 --- [FileTransfer2] [Thread-16] c.example.demo.thread.FileDetailsUpdate  : Copied To  : D:\destination\emplpoyee\readandwrite\Temp\Screenshot 2024-01-18 115552.png
2025-11-04T12:46:00.395+05:30  INFO 5716 --- [FileTransfer2] [Thread-16] c.example.demo.thread.FileDetailsUpdate  : Source Checksum: d57804857b562ce6061247ac74b645699435b79c1623caea8c47c1897a3c48ca
2025-11-04T12:46:00.395+05:30  INFO 5716 --- [FileTransfer2] [Thread-16] c.example.demo.thread.FileDetailsUpdate  : Target Checksum: d57804857b562ce6061247ac74b645699435b79c1623caea8c47c1897a3c48ca
2025-11-04T12:46:00.395+05:30  INFO 5716 --- [FileTransfer2] [Thread-16] c.example.demo.thread.FileDetailsUpdate  : Validation Status: Y
2025-11-04T12:46:00.395+05:30  INFO 5716 --- [FileTransfer2] [Thread-17] c.example.demo.thread.FileFilterUtility  : 
--- Filtering File: D:\source\emplpoyee\readandwrite\Temp\solix_classes.xlsx ---
2025-11-04T12:46:00.395+05:30  INFO 5716 --- [FileTransfer2] [Thread-17] c.example.demo.thread.FileFilterUtility  :   Filters object present. Checking criteria...
2025-11-04T12:46:00.396+05:30  INFO 5716 --- [FileTransfer2] [Thread-17] c.example.demo.thread.FileFilterUtility  :   Checking File Date/Age Filters. Base Attribute: null, Segmentation Type: null
2025-11-04T12:46:00.396+05:30  INFO 5716 --- [FileTransfer2] [Thread-17] c.example.demo.thread.FileFilterUtility  :     No base date attribute specified. Date/Age filter skipped.
2025-11-04T12:46:00.396+05:30  INFO 5716 --- [FileTransfer2] [Thread-17] c.example.demo.thread.FileFilterUtility  :   Checking File Type (Extension) Filters. Current extension: xlsx
2025-11-04T12:46:00.396+05:30  INFO 5716 --- [FileTransfer2] [Thread-17] c.example.demo.thread.FileFilterUtility  :     No file type filters specified.
2025-11-04T12:46:00.396+05:30  INFO 5716 --- [FileTransfer2] [Thread-17] c.example.demo.thread.FileFilterUtility  :   Checking File Name Filters. Name without extension: solix_classes
2025-11-04T12:46:00.396+05:30  INFO 5716 --- [FileTransfer2] [Thread-17] c.example.demo.thread.FileFilterUtility  :     No filename filters specified.
2025-11-04T12:46:00.396+05:30  INFO 5716 --- [FileTransfer2] [Thread-17] c.example.demo.thread.FileFilterUtility  :   Checking Folder Path Filters. Current parent path: d:/source/emplpoyee/readandwrite/temp
2025-11-04T12:46:00.396+05:30  INFO 5716 --- [FileTransfer2] [Thread-17] c.example.demo.thread.FileFilterUtility  :     No folder path filters specified.
2025-11-04T12:46:00.396+05:30  INFO 5716 --- [FileTransfer2] [Thread-17] c.example.demo.thread.FileFilterUtility  :   Checking File Owner Filters. Current owner: MSI\Subha
2025-11-04T12:46:00.396+05:30  INFO 5716 --- [FileTransfer2] [Thread-17] c.example.demo.thread.FileFilterUtility  :     No include file owners specified.
2025-11-04T12:46:00.396+05:30  INFO 5716 --- [FileTransfer2] [Thread-17] c.example.demo.thread.FileFilterUtility  :     No exclude file owners specified.
2025-11-04T12:46:00.396+05:30  INFO 5716 --- [FileTransfer2] [Thread-17] c.example.demo.thread.FileFilterUtility  :   Checking Size Filters. File size (KB): 29
2025-11-04T12:46:00.396+05:30  INFO 5716 --- [FileTransfer2] [Thread-17] c.example.demo.thread.FileFilterUtility  :     No min size specified.
2025-11-04T12:46:00.396+05:30  INFO 5716 --- [FileTransfer2] [Thread-17] c.example.demo.thread.FileFilterUtility  :     No max size specified.
2025-11-04T12:46:00.396+05:30  INFO 5716 --- [FileTransfer2] [Thread-17] c.example.demo.thread.FileFilterUtility  : --- File PASSED all filter criteria: D:\source\emplpoyee\readandwrite\Temp\solix_classes.xlsx ---
2025-11-04T12:46:00.397+05:30  WARN 5716 --- [FileTransfer2] [Thread-17] c.example.demo.thread.FileDetailsUpdate  : Invalid or missing includeSourcePath value. Defaulting to Include=N behavior.
2025-11-04T12:46:00.397+05:30  INFO 5716 --- [FileTransfer2] [Thread-17] c.example.demo.thread.FileDetailsUpdate  : Determined final destination file path (with extensions): D:\destination\emplpoyee\readandwrite\Temp\solix_classes.xlsx
2025-11-04T12:46:00.404+05:30  INFO 5716 --- [FileTransfer2] [Thread-17] c.example.demo.thread.FileDetailsUpdate  : isArchived initial value set to: Y
2025-11-04T12:46:00.416+05:30  INFO 5716 --- [FileTransfer2] [Thread-17] c.example.demo.thread.FileDetailsUpdate  : Copied From: D:\source\emplpoyee\readandwrite\Temp\solix_classes.xlsx
2025-11-04T12:46:00.416+05:30  INFO 5716 --- [FileTransfer2] [Thread-17] c.example.demo.thread.FileDetailsUpdate  : Copied To  : D:\destination\emplpoyee\readandwrite\Temp\solix_classes.xlsx
2025-11-04T12:46:00.417+05:30  INFO 5716 --- [FileTransfer2] [Thread-17] c.example.demo.thread.FileDetailsUpdate  : Source Checksum: 085aa49cc7b20fce2f2aec0703e5355c9eef7f9d85de63ad4d6befff02a61d7b
2025-11-04T12:46:00.417+05:30  INFO 5716 --- [FileTransfer2] [Thread-17] c.example.demo.thread.FileDetailsUpdate  : Target Checksum: 085aa49cc7b20fce2f2aec0703e5355c9eef7f9d85de63ad4d6befff02a61d7b
2025-11-04T12:46:00.417+05:30  INFO 5716 --- [FileTransfer2] [Thread-17] c.example.demo.thread.FileDetailsUpdate  : Validation Status: Y
2025-11-04T12:46:00.417+05:30  INFO 5716 --- [FileTransfer2] [Thread-18] c.example.demo.thread.FileFilterUtility  : 
--- Filtering File: D:\source\emplpoyee\readandwrite\Temp\source.txt ---
2025-11-04T12:46:00.417+05:30  INFO 5716 --- [FileTransfer2] [Thread-18] c.example.demo.thread.FileFilterUtility  :   Filters object present. Checking criteria...
2025-11-04T12:46:00.418+05:30  INFO 5716 --- [FileTransfer2] [Thread-18] c.example.demo.thread.FileFilterUtility  :   Checking File Date/Age Filters. Base Attribute: null, Segmentation Type: null
2025-11-04T12:46:00.418+05:30  INFO 5716 --- [FileTransfer2] [Thread-18] c.example.demo.thread.FileFilterUtility  :     No base date attribute specified. Date/Age filter skipped.
2025-11-04T12:46:00.418+05:30  INFO 5716 --- [FileTransfer2] [Thread-18] c.example.demo.thread.FileFilterUtility  :   Checking File Type (Extension) Filters. Current extension: txt
2025-11-04T12:46:00.418+05:30  INFO 5716 --- [FileTransfer2] [Thread-18] c.example.demo.thread.FileFilterUtility  :     No file type filters specified.
2025-11-04T12:46:00.418+05:30  INFO 5716 --- [FileTransfer2] [Thread-18] c.example.demo.thread.FileFilterUtility  :   Checking File Name Filters. Name without extension: source
2025-11-04T12:46:00.418+05:30  INFO 5716 --- [FileTransfer2] [Thread-18] c.example.demo.thread.FileFilterUtility  :     No filename filters specified.
2025-11-04T12:46:00.418+05:30  INFO 5716 --- [FileTransfer2] [Thread-18] c.example.demo.thread.FileFilterUtility  :   Checking Folder Path Filters. Current parent path: d:/source/emplpoyee/readandwrite/temp
2025-11-04T12:46:00.418+05:30  INFO 5716 --- [FileTransfer2] [Thread-18] c.example.demo.thread.FileFilterUtility  :     No folder path filters specified.
2025-11-04T12:46:00.418+05:30  INFO 5716 --- [FileTransfer2] [Thread-18] c.example.demo.thread.FileFilterUtility  :   Checking File Owner Filters. Current owner: MSI\Subha
2025-11-04T12:46:00.418+05:30  INFO 5716 --- [FileTransfer2] [Thread-18] c.example.demo.thread.FileFilterUtility  :     No include file owners specified.
2025-11-04T12:46:00.418+05:30  INFO 5716 --- [FileTransfer2] [Thread-18] c.example.demo.thread.FileFilterUtility  :     No exclude file owners specified.
2025-11-04T12:46:00.418+05:30  INFO 5716 --- [FileTransfer2] [Thread-18] c.example.demo.thread.FileFilterUtility  :   Checking Size Filters. File size (KB): 0
2025-11-04T12:46:00.418+05:30  INFO 5716 --- [FileTransfer2] [Thread-18] c.example.demo.thread.FileFilterUtility  :     No min size specified.
2025-11-04T12:46:00.418+05:30  INFO 5716 --- [FileTransfer2] [Thread-18] c.example.demo.thread.FileFilterUtility  :     No max size specified.
2025-11-04T12:46:00.418+05:30  INFO 5716 --- [FileTransfer2] [Thread-18] c.example.demo.thread.FileFilterUtility  : --- File PASSED all filter criteria: D:\source\emplpoyee\readandwrite\Temp\source.txt ---
2025-11-04T12:46:00.418+05:30  WARN 5716 --- [FileTransfer2] [Thread-18] c.example.demo.thread.FileDetailsUpdate  : Invalid or missing includeSourcePath value. Defaulting to Include=N behavior.
2025-11-04T12:46:00.418+05:30  INFO 5716 --- [FileTransfer2] [Thread-18] c.example.demo.thread.FileDetailsUpdate  : Determined final destination file path (with extensions): D:\destination\emplpoyee\readandwrite\Temp\source.txt
2025-11-04T12:46:00.422+05:30 ERROR 5716 --- [FileTransfer2] [Thread-18] c.example.demo.thread.FileDetailsUpdate  : General error during file copy: This file is not supported
2025-11-04T12:46:00.422+05:30  INFO 5716 --- [FileTransfer2] [Thread-18] c.example.demo.thread.FileDetailsUpdate  : isArchived initial value set to: N
2025-11-04T12:46:00.448+05:30  INFO 5716 --- [FileTransfer2] [Thread-18] c.example.demo.thread.FileDetailsUpdate  : Copied From: D:\source\emplpoyee\readandwrite\Temp\source.txt
2025-11-04T12:46:00.448+05:30  INFO 5716 --- [FileTransfer2] [Thread-18] c.example.demo.thread.FileDetailsUpdate  : Copied To  : D:\destination\emplpoyee\readandwrite\Temp\source.txt
2025-11-04T12:46:00.448+05:30  INFO 5716 --- [FileTransfer2] [Thread-18] c.example.demo.thread.FileDetailsUpdate  : Source Checksum: f4488360d9750c07ea4c2d532e03f510ce4e54a47d5f4246197d7cc8006bafaa
2025-11-04T12:46:00.448+05:30  INFO 5716 --- [FileTransfer2] [Thread-18] c.example.demo.thread.FileDetailsUpdate  : Target Checksum: f4488360d9750c07ea4c2d532e03f510ce4e54a47d5f4246197d7cc8006bafaa
2025-11-04T12:46:00.448+05:30  INFO 5716 --- [FileTransfer2] [Thread-18] c.example.demo.thread.FileDetailsUpdate  : Validation Status: Y
2025-11-04T12:46:00.448+05:30  INFO 5716 --- [FileTransfer2] [Thread-19] c.example.demo.thread.FileFilterUtility  : 
--- Filtering File: D:\source\Jdbc.java ---
2025-11-04T12:46:00.448+05:30  INFO 5716 --- [FileTransfer2] [Thread-19] c.example.demo.thread.FileFilterUtility  :   Filters object present. Checking criteria...
2025-11-04T12:46:00.450+05:30  INFO 5716 --- [FileTransfer2] [Thread-19] c.example.demo.thread.FileFilterUtility  :   Checking File Date/Age Filters. Base Attribute: null, Segmentation Type: null
2025-11-04T12:46:00.450+05:30  INFO 5716 --- [FileTransfer2] [Thread-19] c.example.demo.thread.FileFilterUtility  :     No base date attribute specified. Date/Age filter skipped.
2025-11-04T12:46:00.450+05:30  INFO 5716 --- [FileTransfer2] [Thread-19] c.example.demo.thread.FileFilterUtility  :   Checking File Type (Extension) Filters. Current extension: java
2025-11-04T12:46:00.450+05:30  INFO 5716 --- [FileTransfer2] [Thread-19] c.example.demo.thread.FileFilterUtility  :     No file type filters specified.
2025-11-04T12:46:00.450+05:30  INFO 5716 --- [FileTransfer2] [Thread-19] c.example.demo.thread.FileFilterUtility  :   Checking File Name Filters. Name without extension: jdbc
2025-11-04T12:46:00.450+05:30  INFO 5716 --- [FileTransfer2] [Thread-19] c.example.demo.thread.FileFilterUtility  :     No filename filters specified.
2025-11-04T12:46:00.450+05:30  INFO 5716 --- [FileTransfer2] [Thread-19] c.example.demo.thread.FileFilterUtility  :   Checking Folder Path Filters. Current parent path: d:/source
2025-11-04T12:46:00.450+05:30  INFO 5716 --- [FileTransfer2] [Thread-19] c.example.demo.thread.FileFilterUtility  :     No folder path filters specified.
2025-11-04T12:46:00.450+05:30  INFO 5716 --- [FileTransfer2] [Thread-19] c.example.demo.thread.FileFilterUtility  :   Checking File Owner Filters. Current owner: MSI\Subha
2025-11-04T12:46:00.450+05:30  INFO 5716 --- [FileTransfer2] [Thread-19] c.example.demo.thread.FileFilterUtility  :     No include file owners specified.
2025-11-04T12:46:00.450+05:30  INFO 5716 --- [FileTransfer2] [Thread-19] c.example.demo.thread.FileFilterUtility  :     No exclude file owners specified.
2025-11-04T12:46:00.450+05:30  INFO 5716 --- [FileTransfer2] [Thread-19] c.example.demo.thread.FileFilterUtility  :   Checking Size Filters. File size (KB): 3
2025-11-04T12:46:00.450+05:30  INFO 5716 --- [FileTransfer2] [Thread-19] c.example.demo.thread.FileFilterUtility  :     No min size specified.
2025-11-04T12:46:00.450+05:30  INFO 5716 --- [FileTransfer2] [Thread-19] c.example.demo.thread.FileFilterUtility  :     No max size specified.
2025-11-04T12:46:00.450+05:30  INFO 5716 --- [FileTransfer2] [Thread-19] c.example.demo.thread.FileFilterUtility  : --- File PASSED all filter criteria: D:\source\Jdbc.java ---
2025-11-04T12:46:00.450+05:30  WARN 5716 --- [FileTransfer2] [Thread-19] c.example.demo.thread.FileDetailsUpdate  : Invalid or missing includeSourcePath value. Defaulting to Include=N behavior.
2025-11-04T12:46:00.450+05:30  INFO 5716 --- [FileTransfer2] [Thread-19] c.example.demo.thread.FileDetailsUpdate  : Determined final destination file path (with extensions): D:\destination\Jdbc.java
2025-11-04T12:46:00.454+05:30  INFO 5716 --- [FileTransfer2] [Thread-19] c.example.demo.thread.FileDetailsUpdate  : isArchived initial value set to: Y
2025-11-04T12:46:00.466+05:30  INFO 5716 --- [FileTransfer2] [Thread-19] c.example.demo.thread.FileDetailsUpdate  : Copied From: D:\source\Jdbc.java
2025-11-04T12:46:00.466+05:30  INFO 5716 --- [FileTransfer2] [Thread-19] c.example.demo.thread.FileDetailsUpdate  : Copied To  : D:\destination\Jdbc.java
2025-11-04T12:46:00.466+05:30  INFO 5716 --- [FileTransfer2] [Thread-19] c.example.demo.thread.FileDetailsUpdate  : Source Checksum: 624d295b5c00a28a2c3e653e81030ba9852e5e51262854a1ccaa86c914faedcb
2025-11-04T12:46:00.466+05:30  INFO 5716 --- [FileTransfer2] [Thread-19] c.example.demo.thread.FileDetailsUpdate  : Target Checksum: 624d295b5c00a28a2c3e653e81030ba9852e5e51262854a1ccaa86c914faedcb
2025-11-04T12:46:00.466+05:30  INFO 5716 --- [FileTransfer2] [Thread-19] c.example.demo.thread.FileDetailsUpdate  : Validation Status: Y
2025-11-04T12:46:00.466+05:30  INFO 5716 --- [FileTransfer2] [Thread-20] c.example.demo.thread.FileFilterUtility  : 
--- Filtering File: D:\source\model.py ---
2025-11-04T12:46:00.466+05:30  INFO 5716 --- [FileTransfer2] [Thread-20] c.example.demo.thread.FileFilterUtility  :   Filters object present. Checking criteria...
2025-11-04T12:46:00.468+05:30  INFO 5716 --- [FileTransfer2] [Thread-20] c.example.demo.thread.FileFilterUtility  :   Checking File Date/Age Filters. Base Attribute: null, Segmentation Type: null
2025-11-04T12:46:00.468+05:30  INFO 5716 --- [FileTransfer2] [Thread-20] c.example.demo.thread.FileFilterUtility  :     No base date attribute specified. Date/Age filter skipped.
2025-11-04T12:46:00.468+05:30  INFO 5716 --- [FileTransfer2] [Thread-20] c.example.demo.thread.FileFilterUtility  :   Checking File Type (Extension) Filters. Current extension: py
2025-11-04T12:46:00.468+05:30  INFO 5716 --- [FileTransfer2] [Thread-20] c.example.demo.thread.FileFilterUtility  :     No file type filters specified.
2025-11-04T12:46:00.468+05:30  INFO 5716 --- [FileTransfer2] [Thread-20] c.example.demo.thread.FileFilterUtility  :   Checking File Name Filters. Name without extension: model
2025-11-04T12:46:00.468+05:30  INFO 5716 --- [FileTransfer2] [Thread-20] c.example.demo.thread.FileFilterUtility  :     No filename filters specified.
2025-11-04T12:46:00.468+05:30  INFO 5716 --- [FileTransfer2] [Thread-20] c.example.demo.thread.FileFilterUtility  :   Checking Folder Path Filters. Current parent path: d:/source
2025-11-04T12:46:00.468+05:30  INFO 5716 --- [FileTransfer2] [Thread-20] c.example.demo.thread.FileFilterUtility  :     No folder path filters specified.
2025-11-04T12:46:00.468+05:30  INFO 5716 --- [FileTransfer2] [Thread-20] c.example.demo.thread.FileFilterUtility  :   Checking File Owner Filters. Current owner: MSI\Subha
2025-11-04T12:46:00.468+05:30  INFO 5716 --- [FileTransfer2] [Thread-20] c.example.demo.thread.FileFilterUtility  :     No include file owners specified.
2025-11-04T12:46:00.468+05:30  INFO 5716 --- [FileTransfer2] [Thread-20] c.example.demo.thread.FileFilterUtility  :     No exclude file owners specified.
2025-11-04T12:46:00.468+05:30  INFO 5716 --- [FileTransfer2] [Thread-20] c.example.demo.thread.FileFilterUtility  :   Checking Size Filters. File size (KB): 8
2025-11-04T12:46:00.468+05:30  INFO 5716 --- [FileTransfer2] [Thread-20] c.example.demo.thread.FileFilterUtility  :     No min size specified.
2025-11-04T12:46:00.468+05:30  INFO 5716 --- [FileTransfer2] [Thread-20] c.example.demo.thread.FileFilterUtility  :     No max size specified.
2025-11-04T12:46:00.468+05:30  INFO 5716 --- [FileTransfer2] [Thread-20] c.example.demo.thread.FileFilterUtility  : --- File PASSED all filter criteria: D:\source\model.py ---
2025-11-04T12:46:00.468+05:30  WARN 5716 --- [FileTransfer2] [Thread-20] c.example.demo.thread.FileDetailsUpdate  : Invalid or missing includeSourcePath value. Defaulting to Include=N behavior.
2025-11-04T12:46:00.468+05:30  INFO 5716 --- [FileTransfer2] [Thread-20] c.example.demo.thread.FileDetailsUpdate  : Determined final destination file path (with extensions): D:\destination\model.py
2025-11-04T12:46:00.473+05:30  INFO 5716 --- [FileTransfer2] [Thread-20] c.example.demo.thread.FileDetailsUpdate  : isArchived initial value set to: Y
2025-11-04T12:46:00.486+05:30  INFO 5716 --- [FileTransfer2] [Thread-20] c.example.demo.thread.FileDetailsUpdate  : Copied From: D:\source\model.py
2025-11-04T12:46:00.487+05:30  INFO 5716 --- [FileTransfer2] [Thread-20] c.example.demo.thread.FileDetailsUpdate  : Copied To  : D:\destination\model.py
2025-11-04T12:46:00.487+05:30  INFO 5716 --- [FileTransfer2] [Thread-20] c.example.demo.thread.FileDetailsUpdate  : Source Checksum: b0ebeb272c0da5e16aca69d2926db78e314454cf9b130a82468457b6a78c0cb9
2025-11-04T12:46:00.487+05:30  INFO 5716 --- [FileTransfer2] [Thread-20] c.example.demo.thread.FileDetailsUpdate  : Target Checksum: b0ebeb272c0da5e16aca69d2926db78e314454cf9b130a82468457b6a78c0cb9
2025-11-04T12:46:00.487+05:30  INFO 5716 --- [FileTransfer2] [Thread-20] c.example.demo.thread.FileDetailsUpdate  : Validation Status: Y
2025-11-04T12:46:00.487+05:30  INFO 5716 --- [FileTransfer2] [Thread-21] c.example.demo.thread.FileFilterUtility  : 
--- Filtering File: D:\source\source1.txt ---
2025-11-04T12:46:00.487+05:30  INFO 5716 --- [FileTransfer2] [Thread-21] c.example.demo.thread.FileFilterUtility  :   Filters object present. Checking criteria...
2025-11-04T12:46:00.488+05:30  INFO 5716 --- [FileTransfer2] [Thread-21] c.example.demo.thread.FileFilterUtility  :   Checking File Date/Age Filters. Base Attribute: null, Segmentation Type: null
2025-11-04T12:46:00.488+05:30  INFO 5716 --- [FileTransfer2] [Thread-21] c.example.demo.thread.FileFilterUtility  :     No base date attribute specified. Date/Age filter skipped.
2025-11-04T12:46:00.488+05:30  INFO 5716 --- [FileTransfer2] [Thread-21] c.example.demo.thread.FileFilterUtility  :   Checking File Type (Extension) Filters. Current extension: txt
2025-11-04T12:46:00.488+05:30  INFO 5716 --- [FileTransfer2] [Thread-21] c.example.demo.thread.FileFilterUtility  :     No file type filters specified.
2025-11-04T12:46:00.488+05:30  INFO 5716 --- [FileTransfer2] [Thread-21] c.example.demo.thread.FileFilterUtility  :   Checking File Name Filters. Name without extension: source1
2025-11-04T12:46:00.488+05:30  INFO 5716 --- [FileTransfer2] [Thread-21] c.example.demo.thread.FileFilterUtility  :     No filename filters specified.
2025-11-04T12:46:00.488+05:30  INFO 5716 --- [FileTransfer2] [Thread-21] c.example.demo.thread.FileFilterUtility  :   Checking Folder Path Filters. Current parent path: d:/source
2025-11-04T12:46:00.488+05:30  INFO 5716 --- [FileTransfer2] [Thread-21] c.example.demo.thread.FileFilterUtility  :     No folder path filters specified.
2025-11-04T12:46:00.488+05:30  INFO 5716 --- [FileTransfer2] [Thread-21] c.example.demo.thread.FileFilterUtility  :   Checking File Owner Filters. Current owner: MSI\Subha
2025-11-04T12:46:00.488+05:30  INFO 5716 --- [FileTransfer2] [Thread-21] c.example.demo.thread.FileFilterUtility  :     No include file owners specified.
2025-11-04T12:46:00.488+05:30  INFO 5716 --- [FileTransfer2] [Thread-21] c.example.demo.thread.FileFilterUtility  :     No exclude file owners specified.
2025-11-04T12:46:00.490+05:30  INFO 5716 --- [FileTransfer2] [Thread-21] c.example.demo.thread.FileFilterUtility  :   Checking Size Filters. File size (KB): 0
2025-11-04T12:46:00.490+05:30  INFO 5716 --- [FileTransfer2] [Thread-21] c.example.demo.thread.FileFilterUtility  :     No min size specified.
2025-11-04T12:46:00.490+05:30  INFO 5716 --- [FileTransfer2] [Thread-21] c.example.demo.thread.FileFilterUtility  :     No max size specified.
2025-11-04T12:46:00.490+05:30  INFO 5716 --- [FileTransfer2] [Thread-21] c.example.demo.thread.FileFilterUtility  : --- File PASSED all filter criteria: D:\source\source1.txt ---
2025-11-04T12:46:00.490+05:30  WARN 5716 --- [FileTransfer2] [Thread-21] c.example.demo.thread.FileDetailsUpdate  : Invalid or missing includeSourcePath value. Defaulting to Include=N behavior.
2025-11-04T12:46:00.490+05:30  INFO 5716 --- [FileTransfer2] [Thread-21] c.example.demo.thread.FileDetailsUpdate  : Determined final destination file path (with extensions): D:\destination\source1.txt
2025-11-04T12:46:00.494+05:30 ERROR 5716 --- [FileTransfer2] [Thread-21] c.example.demo.thread.FileDetailsUpdate  : General error during file copy: This file is not supported
2025-11-04T12:46:00.494+05:30  INFO 5716 --- [FileTransfer2] [Thread-21] c.example.demo.thread.FileDetailsUpdate  : isArchived initial value set to: N
2025-11-04T12:46:00.506+05:30  INFO 5716 --- [FileTransfer2] [Thread-21] c.example.demo.thread.FileDetailsUpdate  : Copied From: D:\source\source1.txt
2025-11-04T12:46:00.507+05:30  INFO 5716 --- [FileTransfer2] [Thread-21] c.example.demo.thread.FileDetailsUpdate  : Copied To  : D:\destination\source1.txt
2025-11-04T12:46:00.507+05:30  INFO 5716 --- [FileTransfer2] [Thread-21] c.example.demo.thread.FileDetailsUpdate  : Source Checksum: 96116a1f626f6e30bb6683249abc046b28ad5d22fda7f1dec66802d1f15d6291
2025-11-04T12:46:00.507+05:30  INFO 5716 --- [FileTransfer2] [Thread-21] c.example.demo.thread.FileDetailsUpdate  : Target Checksum: 96116a1f626f6e30bb6683249abc046b28ad5d22fda7f1dec66802d1f15d6291
2025-11-04T12:46:00.507+05:30  INFO 5716 --- [FileTransfer2] [Thread-21] c.example.demo.thread.FileDetailsUpdate  : Validation Status: Y
2025-11-04T12:46:00.595+05:30  INFO 5716 --- [FileTransfer2] [Thread-7] c.example.demo.thread.FilesCopyThread    : batch completed for 5 records
2025-11-04T12:46:00.629+05:30  INFO 5716 --- [FileTransfer2] [Thread-7] c.example.demo.thread.FilesCopyThread    : Inserted 9 records into edms_filearchive_metadata_12777
